<?xml version="1.0" encoding="UTF-8"?>
<!-- Generated by org.testng.reporters.JUnitReportReporter -->
<testsuite skipped="0" hostname="DESKTOP-G28MNR6" name="API_Methods.Basic_Methods" tests="3" failures="0" timestamp="2020-09-26T23:20:02 IST" time="7.904" errors="0">
  <testcase name="PostMethod" time="4.296" classname="API_Methods.Basic_Methods"/>
  <system-out/>
  <testcase name="PutMthod" time="1.747" classname="API_Methods.Basic_Methods"/>
  <system-out/>
  <testcase name="DeleteMthod" time="1.861" classname="API_Methods.Basic_Methods"/>
  <system-out/>
</testsuite> <!-- API_Methods.Basic_Methods -->
