<?xml version="1.0" encoding="UTF-8"?>
<!-- Generated by org.testng.reporters.JUnitReportReporter -->
<testsuite skipped="0" hostname="DESKTOP-G28MNR6" name="API_Methods.Calling_Methods_Using_HashMap" tests="4" failures="0" timestamp="2020-09-26T23:49:49 IST" time="9.110" errors="0">
  <testcase name="PostMethod" time="4.147" classname="API_Methods.Calling_Methods_Using_HashMap"/>
  <system-out/>
  <testcase name="PutMthod" time="1.716" classname="API_Methods.Calling_Methods_Using_HashMap"/>
  <system-out/>
  <testcase name="GettMethod" time="1.553" classname="API_Methods.Calling_Methods_Using_HashMap"/>
  <system-out/>
  <testcase name="DeleteMthod" time="1.694" classname="API_Methods.Calling_Methods_Using_HashMap"/>
  <system-out/>
</testsuite> <!-- API_Methods.Calling_Methods_Using_HashMap -->
