<?xml version="1.0" encoding="UTF-8"?>
<!-- Generated by org.testng.reporters.JUnitReportReporter -->
<testsuite skipped="0" hostname="DESKTOP-G28MNR6" name="API_Methods.Post_Method_Using_Pojo" tests="1" failures="0" timestamp="2020-09-26T22:59:40 IST" time="3.571" errors="0">
  <testcase name="Post_Using_Pojo" time="3.571" classname="API_Methods.Post_Method_Using_Pojo"/>
  <system-out/>
</testsuite> <!-- API_Methods.Post_Method_Using_Pojo -->
