<?xml version="1.0" encoding="UTF-8"?>
<!-- Generated by org.testng.reporters.JUnitReportReporter -->
<testsuite skipped="0" hostname="DESKTOP-G28MNR6" name="API_Methods.Using_JsonPath" tests="1" failures="0" timestamp="2020-09-27T22:10:03 IST" time="4.214" errors="0">
  <testcase name="Post_JsonPath" time="4.214" classname="API_Methods.Using_JsonPath"/>
  <system-out/>
</testsuite> <!-- API_Methods.Using_JsonPath -->
