<?xml version="1.0" encoding="UTF-8"?>
<!-- Generated by org.testng.reporters.JUnitReportReporter -->
<testsuite skipped="0" hostname="DESKTOP-G28MNR6" name="Test_Runner.Test_Runner_Class" tests="2" failures="0" timestamp="2020-09-27T23:42:04 IST" time="5.883" errors="0">
  <testcase name="runScenario" time="5.571" classname="Test_Runner.Test_Runner_Class"/>
  <system-out/>
  <testcase name="runScenario" time="0.312" classname="Test_Runner.Test_Runner_Class"/>
  <system-out/>
</testsuite> <!-- Test_Runner.Test_Runner_Class -->
