<?xml version="1.0" encoding="UTF-8"?>
<!-- Generated by org.testng.reporters.JUnitReportReporter -->
<testsuite skipped="3" hostname="DESKTOP-G28MNR6" name="API_Methods.CallingMethods_Using_Pyaloads" tests="4" failures="0" timestamp="2020-09-26T22:38:16 IST" time="4.367" errors="0">
  <testcase name="GettMethod" time="4.367" classname="API_Methods.CallingMethods_Using_Pyaloads"/>
  <system-out/>
  <testcase name="PostMethod" classname="API_Methods.CallingMethods_Using_Pyaloads">
    <skipped/>
  </testcase> <!-- PostMethod -->
  <system-out/>
  <testcase name="PutMthod" classname="API_Methods.CallingMethods_Using_Pyaloads">
    <skipped/>
  </testcase> <!-- PutMthod -->
  <system-out/>
  <testcase name="DeleteMthod" classname="API_Methods.CallingMethods_Using_Pyaloads">
    <skipped/>
  </testcase> <!-- DeleteMthod -->
  <system-out/>
</testsuite> <!-- API_Methods.CallingMethods_Using_Pyaloads -->
