<?xml version="1.0" encoding="UTF-8"?>
<!-- Generated by org.testng.reporters.JUnitReportReporter -->
<testsuite skipped="0" hostname="DESKTOP-G28MNR6" name="API_Methods.Calling_Methods_Using_HashMap" tests="4" failures="0" timestamp="2020-09-27T00:00:51 IST" time="8.886" errors="0">
  <testcase name="PostMethod" time="3.694" classname="API_Methods.Calling_Methods_Using_HashMap"/>
  <system-out/>
  <testcase name="PutMthod" time="1.929" classname="API_Methods.Calling_Methods_Using_HashMap"/>
  <system-out/>
  <testcase name="GettMethod" time="1.592" classname="API_Methods.Calling_Methods_Using_HashMap"/>
  <system-out/>
  <testcase name="DeleteMthod" time="1.671" classname="API_Methods.Calling_Methods_Using_HashMap"/>
  <system-out/>
</testsuite> <!-- API_Methods.Calling_Methods_Using_HashMap -->
