<?xml version="1.0" encoding="UTF-8"?>
<!-- Generated by org.testng.reporters.JUnitReportReporter -->
<testsuite skipped="0" hostname="DESKTOP-G28MNR6" name="DataProvider.RequestMethod_DataProvier" tests="3" failures="0" timestamp="2020-09-27T21:44:06 IST" time="0.034" errors="0">
  <testcase name="testCase" time="0.028" classname="DataProvider.RequestMethod_DataProvier"/>
  <system-out/>
  <testcase name="testCase" time="0.003" classname="DataProvider.RequestMethod_DataProvier"/>
  <system-out/>
  <testcase name="testCase" time="0.003" classname="DataProvider.RequestMethod_DataProvier"/>
  <system-out/>
</testsuite> <!-- DataProvider.RequestMethod_DataProvier -->
